<?xml version="1.0" encoding="UTF-8"?>
<!-- Generated by org.testng.reporters.JUnitReportReporter -->
<testsuite skipped="0" hostname="PRAMOD-TI10595" name="com.homepage.Test1" tests="1" failures="0" timestamp="2020-10-10T16:35:15 IST" time="12.613" errors="0">
  <testcase name="main" time="12.613" classname="com.homepage.Test1"/>
</testsuite> <!-- com.homepage.Test1 -->
